c:\users\matthew\documents\programming\vst\fishtank\builds\visualstudio2015\debug\juce_audio_devices.obj
c:\users\matthew\documents\programming\vst\fishtank\builds\visualstudio2015\debug\juce_audio_processors.obj
c:\users\matthew\documents\programming\vst\fishtank\builds\visualstudio2015\debug\juce_data_structures.obj
c:\users\matthew\documents\programming\vst\fishtank\builds\visualstudio2015\debug\juce_gui_basics.obj
c:\users\matthew\documents\programming\vst\fishtank\builds\visualstudio2015\debug\pluginprocessor.obj
c:\users\matthew\documents\programming\vst\fishtank\builds\visualstudio2015\debug\juce_audio_plugin_client_vst2.obj
c:\users\matthew\documents\programming\vst\fishtank\builds\visualstudio2015\debug\juce_cryptography.obj
c:\users\matthew\documents\programming\vst\fishtank\builds\visualstudio2015\debug\juce_graphics.obj
c:\users\matthew\documents\programming\vst\fishtank\builds\visualstudio2015\debug\juce_video.obj
c:\users\matthew\documents\programming\vst\fishtank\builds\visualstudio2015\debug\juce_audio_basics.obj
c:\users\matthew\documents\programming\vst\fishtank\builds\visualstudio2015\debug\juce_audio_formats.obj
c:\users\matthew\documents\programming\vst\fishtank\builds\visualstudio2015\debug\juce_events.obj
c:\users\matthew\documents\programming\vst\fishtank\builds\visualstudio2015\debug\juce_gui_extra.obj
c:\users\matthew\documents\programming\vst\fishtank\builds\visualstudio2015\debug\plugineditor.obj
c:\users\matthew\documents\programming\vst\fishtank\builds\visualstudio2015\debug\juce_audio_plugin_client_utils.obj
c:\users\matthew\documents\programming\vst\fishtank\builds\visualstudio2015\debug\juce_core.obj
c:\users\matthew\documents\programming\vst\fishtank\builds\visualstudio2015\debug\juce_opengl.obj
c:\users\matthew\documents\programming\vst\fishtank\builds\visualstudio2015\debug\vc140.pdb
c:\users\matthew\documents\programming\vst\fishtank\builds\visualstudio2015\debug\vc140.idb
c:\users\matthew\documents\programming\vst\fishtank\compiled\fishtank.lib
c:\users\matthew\documents\programming\vst\fishtank\compiled\fishtank.exp
c:\users\matthew\documents\programming\vst\fishtank\compiled\fishtank.ilk
c:\users\matthew\documents\programming\vst\fishtank\compiled\fishtank.dll
c:\users\matthew\documents\programming\vst\fishtank\builds\visualstudio2015\debug\fishtank.pdb
c:\users\matthew\documents\programming\vst\fishtank\builds\visualstudio2015\debug\resources.res
c:\users\matthew\documents\programming\vst\fishtank\builds\visualstudio2015\debug\nativecodeanalysis.read.1.tlog
c:\users\matthew\documents\programming\vst\fishtank\builds\visualstudio2015\debug\juce_audio_basics.nativecodeanalysis.xml
c:\users\matthew\documents\programming\vst\fishtank\builds\visualstudio2015\debug\juce_audio_devices.nativecodeanalysis.xml
c:\users\matthew\documents\programming\vst\fishtank\builds\visualstudio2015\debug\juce_audio_formats.nativecodeanalysis.xml
c:\users\matthew\documents\programming\vst\fishtank\builds\visualstudio2015\debug\juce_audio_plugin_client_utils.nativecodeanalysis.xml
c:\users\matthew\documents\programming\vst\fishtank\builds\visualstudio2015\debug\juce_audio_plugin_client_vst2.nativecodeanalysis.xml
c:\users\matthew\documents\programming\vst\fishtank\builds\visualstudio2015\debug\juce_audio_processors.nativecodeanalysis.xml
c:\users\matthew\documents\programming\vst\fishtank\builds\visualstudio2015\debug\juce_core.nativecodeanalysis.xml
c:\users\matthew\documents\programming\vst\fishtank\builds\visualstudio2015\debug\juce_cryptography.nativecodeanalysis.xml
c:\users\matthew\documents\programming\vst\fishtank\builds\visualstudio2015\debug\juce_data_structures.nativecodeanalysis.xml
c:\users\matthew\documents\programming\vst\fishtank\builds\visualstudio2015\debug\juce_events.nativecodeanalysis.xml
c:\users\matthew\documents\programming\vst\fishtank\builds\visualstudio2015\debug\juce_graphics.nativecodeanalysis.xml
c:\users\matthew\documents\programming\vst\fishtank\builds\visualstudio2015\debug\juce_gui_basics.nativecodeanalysis.xml
c:\users\matthew\documents\programming\vst\fishtank\builds\visualstudio2015\debug\juce_gui_extra.nativecodeanalysis.xml
c:\users\matthew\documents\programming\vst\fishtank\builds\visualstudio2015\debug\juce_opengl.nativecodeanalysis.xml
c:\users\matthew\documents\programming\vst\fishtank\builds\visualstudio2015\debug\juce_video.nativecodeanalysis.xml
c:\users\matthew\documents\programming\vst\fishtank\builds\visualstudio2015\debug\plugineditor.nativecodeanalysis.xml
c:\users\matthew\documents\programming\vst\fishtank\builds\visualstudio2015\debug\pluginprocessor.nativecodeanalysis.xml
c:\users\matthew\documents\programming\vst\fishtank\builds\visualstudio2015\debug\vc.nativecodeanalysis.all.xml
c:\users\matthew\documents\programming\vst\fishtank\builds\visualstudio2015\..\..\compiled\fishtank.dll
c:\users\matthew\documents\programming\vst\fishtank\builds\visualstudio2015\debug\fishtank.tlog\cl.command.1.tlog
c:\users\matthew\documents\programming\vst\fishtank\builds\visualstudio2015\debug\fishtank.tlog\cl.read.1.tlog
c:\users\matthew\documents\programming\vst\fishtank\builds\visualstudio2015\debug\fishtank.tlog\cl.write.1.tlog
c:\users\matthew\documents\programming\vst\fishtank\builds\visualstudio2015\debug\fishtank.tlog\fishtank.write.1u.tlog
c:\users\matthew\documents\programming\vst\fishtank\builds\visualstudio2015\debug\fishtank.tlog\link.command.1.tlog
c:\users\matthew\documents\programming\vst\fishtank\builds\visualstudio2015\debug\fishtank.tlog\link.read.1.tlog
c:\users\matthew\documents\programming\vst\fishtank\builds\visualstudio2015\debug\fishtank.tlog\link.write.1.tlog
c:\users\matthew\documents\programming\vst\fishtank\builds\visualstudio2015\debug\fishtank.tlog\rc.command.1.tlog
c:\users\matthew\documents\programming\vst\fishtank\builds\visualstudio2015\debug\fishtank.tlog\rc.read.1.tlog
c:\users\matthew\documents\programming\vst\fishtank\builds\visualstudio2015\debug\fishtank.tlog\rc.write.1.tlog
